Analysis & Synthesis report for Assignment1
Mon Nov 04 20:30:45 2019
Quartus Prime Version 18.1.0 Build 625 09/12/2018 SJ Lite Edition


---------------------
; Table of Contents ;
---------------------
  1. Legal Notice
  2. Analysis & Synthesis Summary
  3. Analysis & Synthesis Settings
  4. Parallel Compilation
  5. Analysis & Synthesis Source Files Read
  6. Analysis & Synthesis Resource Usage Summary
  7. Analysis & Synthesis Resource Utilization by Entity
  8. General Register Statistics
  9. Parameter Settings for Inferred Entity Instance: bcd:segment1|lpm_divide:Div0
 10. Parameter Settings for Inferred Entity Instance: bcd:segment1|lpm_divide:Mod0
 11. Post-Synthesis Netlist Statistics for Top Partition
 12. Elapsed Time Per Partition
 13. Analysis & Synthesis Messages



----------------
; Legal Notice ;
----------------
Copyright (C) 2018  Intel Corporation. All rights reserved.
Your use of Intel Corporation's design tools, logic functions 
and other software and tools, and its AMPP partner logic 
functions, and any output files from any of the foregoing 
(including device programming or simulation files), and any 
associated documentation or information are expressly subject 
to the terms and conditions of the Intel Program License 
Subscription Agreement, the Intel Quartus Prime License Agreement,
the Intel FPGA IP License Agreement, or other applicable license
agreement, including, without limitation, that your use is for
the sole purpose of programming logic devices manufactured by
Intel and sold by Intel or its authorized distributors.  Please
refer to the applicable agreement for further details.



+----------------------------------------------------------------------------------+
; Analysis & Synthesis Summary                                                     ;
+------------------------------------+---------------------------------------------+
; Analysis & Synthesis Status        ; Successful - Mon Nov 04 20:30:44 2019       ;
; Quartus Prime Version              ; 18.1.0 Build 625 09/12/2018 SJ Lite Edition ;
; Revision Name                      ; Assignment1                                 ;
; Top-level Entity Name              ; Assignment1                                 ;
; Family                             ; MAX 10                                      ;
; Total logic elements               ; 2,358                                       ;
;     Total combinational functions  ; 2,358                                       ;
;     Dedicated logic registers      ; 65                                          ;
; Total registers                    ; 65                                          ;
; Total pins                         ; 17                                          ;
; Total virtual pins                 ; 0                                           ;
; Total memory bits                  ; 0                                           ;
; Embedded Multiplier 9-bit elements ; 0                                           ;
; Total PLLs                         ; 0                                           ;
; UFM blocks                         ; 0                                           ;
; ADC blocks                         ; 0                                           ;
+------------------------------------+---------------------------------------------+


+------------------------------------------------------------------------------------------------------------+
; Analysis & Synthesis Settings                                                                              ;
+------------------------------------------------------------------+--------------------+--------------------+
; Option                                                           ; Setting            ; Default Value      ;
+------------------------------------------------------------------+--------------------+--------------------+
; Device                                                           ; 10M50DAF484C6GES   ;                    ;
; Top-level entity name                                            ; Assignment1        ; Assignment1        ;
; Family name                                                      ; MAX 10             ; Cyclone V          ;
; Use smart compilation                                            ; Off                ; Off                ;
; Enable parallel Assembler and Timing Analyzer during compilation ; On                 ; On                 ;
; Enable compact report table                                      ; Off                ; Off                ;
; Restructure Multiplexers                                         ; Auto               ; Auto               ;
; Create Debugging Nodes for IP Cores                              ; Off                ; Off                ;
; Preserve fewer node names                                        ; On                 ; On                 ;
; Intel FPGA IP Evaluation Mode                                    ; Enable             ; Enable             ;
; Verilog Version                                                  ; Verilog_2001       ; Verilog_2001       ;
; VHDL Version                                                     ; VHDL_1993          ; VHDL_1993          ;
; State Machine Processing                                         ; Auto               ; Auto               ;
; Safe State Machine                                               ; Off                ; Off                ;
; Extract Verilog State Machines                                   ; On                 ; On                 ;
; Extract VHDL State Machines                                      ; On                 ; On                 ;
; Ignore Verilog initial constructs                                ; Off                ; Off                ;
; Iteration limit for constant Verilog loops                       ; 5000               ; 5000               ;
; Iteration limit for non-constant Verilog loops                   ; 250                ; 250                ;
; Add Pass-Through Logic to Inferred RAMs                          ; On                 ; On                 ;
; Infer RAMs from Raw Logic                                        ; On                 ; On                 ;
; Parallel Synthesis                                               ; On                 ; On                 ;
; DSP Block Balancing                                              ; Auto               ; Auto               ;
; NOT Gate Push-Back                                               ; On                 ; On                 ;
; Power-Up Don't Care                                              ; On                 ; On                 ;
; Remove Redundant Logic Cells                                     ; Off                ; Off                ;
; Remove Duplicate Registers                                       ; On                 ; On                 ;
; Ignore CARRY Buffers                                             ; Off                ; Off                ;
; Ignore CASCADE Buffers                                           ; Off                ; Off                ;
; Ignore GLOBAL Buffers                                            ; Off                ; Off                ;
; Ignore ROW GLOBAL Buffers                                        ; Off                ; Off                ;
; Ignore LCELL Buffers                                             ; Off                ; Off                ;
; Ignore SOFT Buffers                                              ; On                 ; On                 ;
; Limit AHDL Integers to 32 Bits                                   ; Off                ; Off                ;
; Optimization Technique                                           ; Balanced           ; Balanced           ;
; Carry Chain Length                                               ; 70                 ; 70                 ;
; Auto Carry Chains                                                ; On                 ; On                 ;
; Auto Open-Drain Pins                                             ; On                 ; On                 ;
; Perform WYSIWYG Primitive Resynthesis                            ; Off                ; Off                ;
; Auto ROM Replacement                                             ; On                 ; On                 ;
; Auto RAM Replacement                                             ; On                 ; On                 ;
; Auto DSP Block Replacement                                       ; On                 ; On                 ;
; Auto Shift Register Replacement                                  ; Auto               ; Auto               ;
; Allow Shift Register Merging across Hierarchies                  ; Auto               ; Auto               ;
; Auto Clock Enable Replacement                                    ; On                 ; On                 ;
; Strict RAM Replacement                                           ; Off                ; Off                ;
; Allow Synchronous Control Signals                                ; On                 ; On                 ;
; Force Use of Synchronous Clear Signals                           ; Off                ; Off                ;
; Auto RAM Block Balancing                                         ; On                 ; On                 ;
; Auto RAM to Logic Cell Conversion                                ; Off                ; Off                ;
; Auto Resource Sharing                                            ; Off                ; Off                ;
; Allow Any RAM Size For Recognition                               ; Off                ; Off                ;
; Allow Any ROM Size For Recognition                               ; Off                ; Off                ;
; Allow Any Shift Register Size For Recognition                    ; Off                ; Off                ;
; Use LogicLock Constraints during Resource Balancing              ; On                 ; On                 ;
; Ignore translate_off and synthesis_off directives                ; Off                ; Off                ;
; Timing-Driven Synthesis                                          ; On                 ; On                 ;
; Report Parameter Settings                                        ; On                 ; On                 ;
; Report Source Assignments                                        ; On                 ; On                 ;
; Report Connectivity Checks                                       ; On                 ; On                 ;
; Ignore Maximum Fan-Out Assignments                               ; Off                ; Off                ;
; Synchronization Register Chain Length                            ; 2                  ; 2                  ;
; Power Optimization During Synthesis                              ; Normal compilation ; Normal compilation ;
; HDL message level                                                ; Level2             ; Level2             ;
; Suppress Register Optimization Related Messages                  ; Off                ; Off                ;
; Number of Removed Registers Reported in Synthesis Report         ; 5000               ; 5000               ;
; Number of Swept Nodes Reported in Synthesis Report               ; 5000               ; 5000               ;
; Number of Inverted Registers Reported in Synthesis Report        ; 100                ; 100                ;
; Clock MUX Protection                                             ; On                 ; On                 ;
; Auto Gated Clock Conversion                                      ; Off                ; Off                ;
; Block Design Naming                                              ; Auto               ; Auto               ;
; SDC constraint protection                                        ; Off                ; Off                ;
; Synthesis Effort                                                 ; Auto               ; Auto               ;
; Shift Register Replacement - Allow Asynchronous Clear Signal     ; On                 ; On                 ;
; Pre-Mapping Resynthesis Optimization                             ; Off                ; Off                ;
; Analysis & Synthesis Message Level                               ; Medium             ; Medium             ;
; Disable Register Merging Across Hierarchies                      ; Auto               ; Auto               ;
; Resource Aware Inference For Block RAM                           ; On                 ; On                 ;
+------------------------------------------------------------------+--------------------+--------------------+


+------------------------------------------+
; Parallel Compilation                     ;
+----------------------------+-------------+
; Processors                 ; Number      ;
+----------------------------+-------------+
; Number detected on machine ; 4           ;
; Maximum allowed            ; 2           ;
;                            ;             ;
; Average used               ; 1.00        ;
; Maximum used               ; 2           ;
;                            ;             ;
; Usage by Processor         ; % Time Used ;
;     Processor 1            ; 100.0%      ;
;     Processor 2            ;   0.0%      ;
+----------------------------+-------------+


+------------------------------------------------------------------------------------------------------------------------------------------------------------------------------------------+
; Analysis & Synthesis Source Files Read                                                                                                                                                   ;
+----------------------------------+-----------------+------------------------------+--------------------------------------------------------------------------------------------+---------+
; File Name with User-Entered Path ; Used in Netlist ; File Type                    ; File Name with Absolute Path                                                               ; Library ;
+----------------------------------+-----------------+------------------------------+--------------------------------------------------------------------------------------------+---------+
; Assignment1.vhd                  ; yes             ; User VHDL File               ; D:/University/Others/GUC MATERIAL/Semester 5/MET/DSD/Assignment/Assignment1.vhd            ;         ;
; freq_div.vhdl                    ; yes             ; User VHDL File               ; D:/University/Others/GUC MATERIAL/Semester 5/MET/DSD/Assignment/freq_div.vhdl              ;         ;
; counter.vhd                      ; yes             ; User VHDL File               ; D:/University/Others/GUC MATERIAL/Semester 5/MET/DSD/Assignment/counter.vhd                ;         ;
; bcd.vhd                          ; yes             ; User VHDL File               ; D:/University/Others/GUC MATERIAL/Semester 5/MET/DSD/Assignment/bcd.vhd                    ;         ;
; lpm_divide.tdf                   ; yes             ; Megafunction                 ; c:/intelfpga_lite/18.1/quartus/libraries/megafunctions/lpm_divide.tdf                      ;         ;
; abs_divider.inc                  ; yes             ; Megafunction                 ; c:/intelfpga_lite/18.1/quartus/libraries/megafunctions/abs_divider.inc                     ;         ;
; sign_div_unsign.inc              ; yes             ; Megafunction                 ; c:/intelfpga_lite/18.1/quartus/libraries/megafunctions/sign_div_unsign.inc                 ;         ;
; aglobal181.inc                   ; yes             ; Megafunction                 ; c:/intelfpga_lite/18.1/quartus/libraries/megafunctions/aglobal181.inc                      ;         ;
; db/lpm_divide_fbo.tdf            ; yes             ; Auto-Generated Megafunction  ; D:/University/Others/GUC MATERIAL/Semester 5/MET/DSD/Assignment/db/lpm_divide_fbo.tdf      ;         ;
; db/abs_divider_kbg.tdf           ; yes             ; Auto-Generated Megafunction  ; D:/University/Others/GUC MATERIAL/Semester 5/MET/DSD/Assignment/db/abs_divider_kbg.tdf     ;         ;
; db/alt_u_div_she.tdf             ; yes             ; Auto-Generated Megafunction  ; D:/University/Others/GUC MATERIAL/Semester 5/MET/DSD/Assignment/db/alt_u_div_she.tdf       ;         ;
; db/add_sub_t3c.tdf               ; yes             ; Auto-Generated Megafunction  ; D:/University/Others/GUC MATERIAL/Semester 5/MET/DSD/Assignment/db/add_sub_t3c.tdf         ;         ;
; db/add_sub_u3c.tdf               ; yes             ; Auto-Generated Megafunction  ; D:/University/Others/GUC MATERIAL/Semester 5/MET/DSD/Assignment/db/add_sub_u3c.tdf         ;         ;
; db/lpm_abs_o99.tdf               ; yes             ; Auto-Generated Megafunction  ; D:/University/Others/GUC MATERIAL/Semester 5/MET/DSD/Assignment/db/lpm_abs_o99.tdf         ;         ;
; db/lpm_abs_8b9.tdf               ; yes             ; Auto-Generated Megafunction  ; D:/University/Others/GUC MATERIAL/Semester 5/MET/DSD/Assignment/db/lpm_abs_8b9.tdf         ;         ;
; db/lpm_divide_bnl.tdf            ; yes             ; Auto-Generated Megafunction  ; D:/University/Others/GUC MATERIAL/Semester 5/MET/DSD/Assignment/db/lpm_divide_bnl.tdf      ;         ;
; db/sign_div_unsign_anh.tdf       ; yes             ; Auto-Generated Megafunction  ; D:/University/Others/GUC MATERIAL/Semester 5/MET/DSD/Assignment/db/sign_div_unsign_anh.tdf ;         ;
; db/alt_u_div_uke.tdf             ; yes             ; Auto-Generated Megafunction  ; D:/University/Others/GUC MATERIAL/Semester 5/MET/DSD/Assignment/db/alt_u_div_uke.tdf       ;         ;
+----------------------------------+-----------------+------------------------------+--------------------------------------------------------------------------------------------+---------+


+----------------------------------------------------------------------+
; Analysis & Synthesis Resource Usage Summary                          ;
+---------------------------------------------+------------------------+
; Resource                                    ; Usage                  ;
+---------------------------------------------+------------------------+
; Estimated Total logic elements              ; 2,358                  ;
;                                             ;                        ;
; Total combinational functions               ; 2358                   ;
; Logic element usage by number of LUT inputs ;                        ;
;     -- 4 input functions                    ; 715                    ;
;     -- 3 input functions                    ; 744                    ;
;     -- <=2 input functions                  ; 899                    ;
;                                             ;                        ;
; Logic elements by mode                      ;                        ;
;     -- normal mode                          ; 1540                   ;
;     -- arithmetic mode                      ; 818                    ;
;                                             ;                        ;
; Total registers                             ; 65                     ;
;     -- Dedicated logic registers            ; 65                     ;
;     -- I/O registers                        ; 0                      ;
;                                             ;                        ;
; I/O pins                                    ; 17                     ;
;                                             ;                        ;
; Embedded Multiplier 9-bit elements          ; 0                      ;
;                                             ;                        ;
; Maximum fan-out node                        ; counter:counter1|c[31] ;
; Maximum fan-out                             ; 163                    ;
; Total fan-out                               ; 6991                   ;
; Average fan-out                             ; 2.85                   ;
+---------------------------------------------+------------------------+


+-----------------------------------------------------------------------------------------------------------------------------------------------------------------------------------------------------------------------------------------------------------------------------------------------------------------------------------------------------------------+
; Analysis & Synthesis Resource Utilization by Entity                                                                                                                                                                                                                                                                                                             ;
+-------------------------------------------+---------------------+---------------------------+-------------+------------+--------------+---------+-----------+------+--------------+------------+---------------------------------------------------------------------------------------------------------------------------+---------------------+--------------+
; Compilation Hierarchy Node                ; Combinational ALUTs ; Dedicated Logic Registers ; Memory Bits ; UFM Blocks ; DSP Elements ; DSP 9x9 ; DSP 18x18 ; Pins ; Virtual Pins ; ADC blocks ; Full Hierarchy Name                                                                                                       ; Entity Name         ; Library Name ;
+-------------------------------------------+---------------------+---------------------------+-------------+------------+--------------+---------+-----------+------+--------------+------------+---------------------------------------------------------------------------------------------------------------------------+---------------------+--------------+
; |Assignment1                              ; 2358 (0)            ; 65 (0)                    ; 0           ; 0          ; 0            ; 0       ; 0         ; 17   ; 0            ; 0          ; |Assignment1                                                                                                              ; Assignment1         ; work         ;
;    |bcd:segment1|                         ; 2257 (126)          ; 0 (0)                     ; 0           ; 0          ; 0            ; 0       ; 0         ; 0    ; 0            ; 0          ; |Assignment1|bcd:segment1                                                                                                 ; bcd                 ; work         ;
;       |lpm_divide:Div0|                   ; 514 (0)             ; 0 (0)                     ; 0           ; 0          ; 0            ; 0       ; 0         ; 0    ; 0            ; 0          ; |Assignment1|bcd:segment1|lpm_divide:Div0                                                                                 ; lpm_divide          ; work         ;
;          |lpm_divide_fbo:auto_generated|  ; 514 (0)             ; 0 (0)                     ; 0           ; 0          ; 0            ; 0       ; 0         ; 0    ; 0            ; 0          ; |Assignment1|bcd:segment1|lpm_divide:Div0|lpm_divide_fbo:auto_generated                                                   ; lpm_divide_fbo      ; work         ;
;             |abs_divider_kbg:divider|     ; 514 (34)            ; 0 (0)                     ; 0           ; 0          ; 0            ; 0       ; 0         ; 0    ; 0            ; 0          ; |Assignment1|bcd:segment1|lpm_divide:Div0|lpm_divide_fbo:auto_generated|abs_divider_kbg:divider                           ; abs_divider_kbg     ; work         ;
;                |alt_u_div_she:divider|    ; 449 (449)           ; 0 (0)                     ; 0           ; 0          ; 0            ; 0       ; 0         ; 0    ; 0            ; 0          ; |Assignment1|bcd:segment1|lpm_divide:Div0|lpm_divide_fbo:auto_generated|abs_divider_kbg:divider|alt_u_div_she:divider     ; alt_u_div_she       ; work         ;
;                |lpm_abs_8b9:my_abs_num|   ; 31 (31)             ; 0 (0)                     ; 0           ; 0          ; 0            ; 0       ; 0         ; 0    ; 0            ; 0          ; |Assignment1|bcd:segment1|lpm_divide:Div0|lpm_divide_fbo:auto_generated|abs_divider_kbg:divider|lpm_abs_8b9:my_abs_num    ; lpm_abs_8b9         ; work         ;
;       |lpm_divide:Mod0|                   ; 1617 (0)            ; 0 (0)                     ; 0           ; 0          ; 0            ; 0       ; 0         ; 0    ; 0            ; 0          ; |Assignment1|bcd:segment1|lpm_divide:Mod0                                                                                 ; lpm_divide          ; work         ;
;          |lpm_divide_bnl:auto_generated|  ; 1617 (0)            ; 0 (0)                     ; 0           ; 0          ; 0            ; 0       ; 0         ; 0    ; 0            ; 0          ; |Assignment1|bcd:segment1|lpm_divide:Mod0|lpm_divide_bnl:auto_generated                                                   ; lpm_divide_bnl      ; work         ;
;             |sign_div_unsign_anh:divider| ; 1617 (0)            ; 0 (0)                     ; 0           ; 0          ; 0            ; 0       ; 0         ; 0    ; 0            ; 0          ; |Assignment1|bcd:segment1|lpm_divide:Mod0|lpm_divide_bnl:auto_generated|sign_div_unsign_anh:divider                       ; sign_div_unsign_anh ; work         ;
;                |alt_u_div_uke:divider|    ; 1617 (1617)         ; 0 (0)                     ; 0           ; 0          ; 0            ; 0       ; 0         ; 0    ; 0            ; 0          ; |Assignment1|bcd:segment1|lpm_divide:Mod0|lpm_divide_bnl:auto_generated|sign_div_unsign_anh:divider|alt_u_div_uke:divider ; alt_u_div_uke       ; work         ;
;    |counter:counter1|                     ; 46 (46)             ; 32 (32)                   ; 0           ; 0          ; 0            ; 0       ; 0         ; 0    ; 0            ; 0          ; |Assignment1|counter:counter1                                                                                             ; counter             ; work         ;
;    |freq_div:freqdiv1|                    ; 55 (55)             ; 33 (33)                   ; 0           ; 0          ; 0            ; 0       ; 0         ; 0    ; 0            ; 0          ; |Assignment1|freq_div:freqdiv1                                                                                            ; freq_div            ; work         ;
+-------------------------------------------+---------------------+---------------------------+-------------+------------+--------------+---------+-----------+------+--------------+------------+---------------------------------------------------------------------------------------------------------------------------+---------------------+--------------+
Note: For table entries with two numbers listed, the numbers in parentheses indicate the number of resources of the given type used by the specific entity alone. The numbers listed outside of parentheses indicate the total resources of the given type used by the specific entity and all of its sub-entities in the hierarchy.


+------------------------------------------------------+
; General Register Statistics                          ;
+----------------------------------------------+-------+
; Statistic                                    ; Value ;
+----------------------------------------------+-------+
; Total registers                              ; 65    ;
; Number of registers using Synchronous Clear  ; 0     ;
; Number of registers using Synchronous Load   ; 0     ;
; Number of registers using Asynchronous Clear ; 32    ;
; Number of registers using Asynchronous Load  ; 0     ;
; Number of registers using Clock Enable       ; 32    ;
; Number of registers using Preset             ; 0     ;
+----------------------------------------------+-------+


+-------------------------------------------------------------------------------+
; Parameter Settings for Inferred Entity Instance: bcd:segment1|lpm_divide:Div0 ;
+------------------------+----------------+-------------------------------------+
; Parameter Name         ; Value          ; Type                                ;
+------------------------+----------------+-------------------------------------+
; LPM_WIDTHN             ; 32             ; Untyped                             ;
; LPM_WIDTHD             ; 5              ; Untyped                             ;
; LPM_NREPRESENTATION    ; SIGNED         ; Untyped                             ;
; LPM_DREPRESENTATION    ; SIGNED         ; Untyped                             ;
; LPM_PIPELINE           ; 0              ; Untyped                             ;
; LPM_REMAINDERPOSITIVE  ; FALSE          ; Untyped                             ;
; MAXIMIZE_SPEED         ; 5              ; Untyped                             ;
; CBXI_PARAMETER         ; lpm_divide_fbo ; Untyped                             ;
; CARRY_CHAIN            ; MANUAL         ; Untyped                             ;
; OPTIMIZE_FOR_SPEED     ; 5              ; Untyped                             ;
; AUTO_CARRY_CHAINS      ; ON             ; AUTO_CARRY                          ;
; IGNORE_CARRY_BUFFERS   ; OFF            ; IGNORE_CARRY                        ;
; AUTO_CASCADE_CHAINS    ; ON             ; AUTO_CASCADE                        ;
; IGNORE_CASCADE_BUFFERS ; OFF            ; IGNORE_CASCADE                      ;
+------------------------+----------------+-------------------------------------+
Note: In order to hide this table in the UI and the text report file, please set the "Show Parameter Settings in Synthesis Report" option in "Analysis and Synthesis Settings -> More Settings" to "Off".


+-------------------------------------------------------------------------------+
; Parameter Settings for Inferred Entity Instance: bcd:segment1|lpm_divide:Mod0 ;
+------------------------+----------------+-------------------------------------+
; Parameter Name         ; Value          ; Type                                ;
+------------------------+----------------+-------------------------------------+
; LPM_WIDTHN             ; 33             ; Untyped                             ;
; LPM_WIDTHD             ; 32             ; Untyped                             ;
; LPM_NREPRESENTATION    ; UNSIGNED       ; Untyped                             ;
; LPM_DREPRESENTATION    ; UNSIGNED       ; Untyped                             ;
; LPM_PIPELINE           ; 0              ; Untyped                             ;
; LPM_REMAINDERPOSITIVE  ; TRUE           ; Untyped                             ;
; MAXIMIZE_SPEED         ; 5              ; Untyped                             ;
; CBXI_PARAMETER         ; lpm_divide_bnl ; Untyped                             ;
; CARRY_CHAIN            ; MANUAL         ; Untyped                             ;
; OPTIMIZE_FOR_SPEED     ; 5              ; Untyped                             ;
; AUTO_CARRY_CHAINS      ; ON             ; AUTO_CARRY                          ;
; IGNORE_CARRY_BUFFERS   ; OFF            ; IGNORE_CARRY                        ;
; AUTO_CASCADE_CHAINS    ; ON             ; AUTO_CASCADE                        ;
; IGNORE_CASCADE_BUFFERS ; OFF            ; IGNORE_CASCADE                      ;
+------------------------+----------------+-------------------------------------+
Note: In order to hide this table in the UI and the text report file, please set the "Show Parameter Settings in Synthesis Report" option in "Analysis and Synthesis Settings -> More Settings" to "Off".


+-----------------------------------------------------+
; Post-Synthesis Netlist Statistics for Top Partition ;
+-----------------------+-----------------------------+
; Type                  ; Count                       ;
+-----------------------+-----------------------------+
; boundary_port         ; 17                          ;
; cycloneiii_ff         ; 65                          ;
;     ENA CLR           ; 32                          ;
;     plain             ; 33                          ;
; cycloneiii_lcell_comb ; 2359                        ;
;     arith             ; 818                         ;
;         1 data inputs ; 2                           ;
;         2 data inputs ; 98                          ;
;         3 data inputs ; 718                         ;
;     normal            ; 1541                        ;
;         0 data inputs ; 60                          ;
;         1 data inputs ; 3                           ;
;         2 data inputs ; 737                         ;
;         3 data inputs ; 26                          ;
;         4 data inputs ; 715                         ;
;                       ;                             ;
; Max LUT depth         ; 125.10                      ;
; Average LUT depth     ; 109.79                      ;
+-----------------------+-----------------------------+


+-------------------------------+
; Elapsed Time Per Partition    ;
+----------------+--------------+
; Partition Name ; Elapsed Time ;
+----------------+--------------+
; Top            ; 00:00:08     ;
+----------------+--------------+


+-------------------------------+
; Analysis & Synthesis Messages ;
+-------------------------------+
Info: *******************************************************************
Info: Running Quartus Prime Analysis & Synthesis
    Info: Version 18.1.0 Build 625 09/12/2018 SJ Lite Edition
    Info: Processing started: Mon Nov 04 20:30:11 2019
Info: Command: quartus_map --read_settings_files=on --write_settings_files=off Assignment1 -c Assignment1
Warning (18236): Number of processors has not been specified which may cause overloading on shared machines.  Set the global assignment NUM_PARALLEL_PROCESSORS in your QSF to an appropriate value for best performance.
Info (20030): Parallel compilation is enabled and will use 2 of the 2 processors detected
Info (12021): Found 2 design units, including 1 entities, in source file assignment1.vhd
    Info (12022): Found design unit 1: Assignment1-blabla File: D:/University/Others/GUC MATERIAL/Semester 5/MET/DSD/Assignment/Assignment1.vhd Line: 13
    Info (12023): Found entity 1: Assignment1 File: D:/University/Others/GUC MATERIAL/Semester 5/MET/DSD/Assignment/Assignment1.vhd Line: 5
Info (12021): Found 2 design units, including 1 entities, in source file freq_div.vhdl
    Info (12022): Found design unit 1: freq_div-def File: D:/University/Others/GUC MATERIAL/Semester 5/MET/DSD/Assignment/freq_div.vhdl Line: 10
    Info (12023): Found entity 1: freq_div File: D:/University/Others/GUC MATERIAL/Semester 5/MET/DSD/Assignment/freq_div.vhdl Line: 5
Info (12021): Found 2 design units, including 1 entities, in source file counter.vhd
    Info (12022): Found design unit 1: counter-def File: D:/University/Others/GUC MATERIAL/Semester 5/MET/DSD/Assignment/counter.vhd Line: 12
    Info (12023): Found entity 1: counter File: D:/University/Others/GUC MATERIAL/Semester 5/MET/DSD/Assignment/counter.vhd Line: 5
Info (12021): Found 2 design units, including 1 entities, in source file bcd.vhd
    Info (12022): Found design unit 1: bcd-def File: D:/University/Others/GUC MATERIAL/Semester 5/MET/DSD/Assignment/bcd.vhd Line: 11
    Info (12023): Found entity 1: bcd File: D:/University/Others/GUC MATERIAL/Semester 5/MET/DSD/Assignment/bcd.vhd Line: 5
Info (12127): Elaborating entity "Assignment1" for the top level hierarchy
Info (12128): Elaborating entity "freq_div" for hierarchy "freq_div:freqdiv1" File: D:/University/Others/GUC MATERIAL/Semester 5/MET/DSD/Assignment/Assignment1.vhd Line: 39
Info (12128): Elaborating entity "counter" for hierarchy "counter:counter1" File: D:/University/Others/GUC MATERIAL/Semester 5/MET/DSD/Assignment/Assignment1.vhd Line: 40
Info (12128): Elaborating entity "bcd" for hierarchy "bcd:segment1" File: D:/University/Others/GUC MATERIAL/Semester 5/MET/DSD/Assignment/Assignment1.vhd Line: 41
Warning (10492): VHDL Process Statement warning at bcd.vhd(21): signal "i1" is read inside the Process Statement but isn't in the Process Statement's sensitivity list File: D:/University/Others/GUC MATERIAL/Semester 5/MET/DSD/Assignment/bcd.vhd Line: 21
Warning (10492): VHDL Process Statement warning at bcd.vhd(37): signal "i2" is read inside the Process Statement but isn't in the Process Statement's sensitivity list File: D:/University/Others/GUC MATERIAL/Semester 5/MET/DSD/Assignment/bcd.vhd Line: 37
Info (278001): Inferred 2 megafunctions from design logic
    Info (278004): Inferred divider/modulo megafunction ("lpm_divide") from the following logic: "bcd:segment1|Div0" File: D:/University/Others/GUC MATERIAL/Semester 5/MET/DSD/Assignment/bcd.vhd Line: 19
    Info (278004): Inferred divider/modulo megafunction ("lpm_divide") from the following logic: "bcd:segment1|Mod0" File: D:/University/Others/GUC MATERIAL/Semester 5/MET/DSD/Assignment/bcd.vhd Line: 20
Info (12130): Elaborated megafunction instantiation "bcd:segment1|lpm_divide:Div0" File: D:/University/Others/GUC MATERIAL/Semester 5/MET/DSD/Assignment/bcd.vhd Line: 19
Info (12133): Instantiated megafunction "bcd:segment1|lpm_divide:Div0" with the following parameter: File: D:/University/Others/GUC MATERIAL/Semester 5/MET/DSD/Assignment/bcd.vhd Line: 19
    Info (12134): Parameter "LPM_WIDTHN" = "32"
    Info (12134): Parameter "LPM_WIDTHD" = "5"
    Info (12134): Parameter "LPM_NREPRESENTATION" = "SIGNED"
    Info (12134): Parameter "LPM_DREPRESENTATION" = "SIGNED"
    Info (12134): Parameter "LPM_HINT" = "LPM_REMAINDERPOSITIVE=FALSE"
Info (12021): Found 1 design units, including 1 entities, in source file db/lpm_divide_fbo.tdf
    Info (12023): Found entity 1: lpm_divide_fbo File: D:/University/Others/GUC MATERIAL/Semester 5/MET/DSD/Assignment/db/lpm_divide_fbo.tdf Line: 24
Info (12021): Found 1 design units, including 1 entities, in source file db/abs_divider_kbg.tdf
    Info (12023): Found entity 1: abs_divider_kbg File: D:/University/Others/GUC MATERIAL/Semester 5/MET/DSD/Assignment/db/abs_divider_kbg.tdf Line: 28
Info (12021): Found 1 design units, including 1 entities, in source file db/alt_u_div_she.tdf
    Info (12023): Found entity 1: alt_u_div_she File: D:/University/Others/GUC MATERIAL/Semester 5/MET/DSD/Assignment/db/alt_u_div_she.tdf Line: 26
Info (12021): Found 1 design units, including 1 entities, in source file db/add_sub_t3c.tdf
    Info (12023): Found entity 1: add_sub_t3c File: D:/University/Others/GUC MATERIAL/Semester 5/MET/DSD/Assignment/db/add_sub_t3c.tdf Line: 22
Info (12021): Found 1 design units, including 1 entities, in source file db/add_sub_u3c.tdf
    Info (12023): Found entity 1: add_sub_u3c File: D:/University/Others/GUC MATERIAL/Semester 5/MET/DSD/Assignment/db/add_sub_u3c.tdf Line: 22
Info (12021): Found 1 design units, including 1 entities, in source file db/lpm_abs_o99.tdf
    Info (12023): Found entity 1: lpm_abs_o99 File: D:/University/Others/GUC MATERIAL/Semester 5/MET/DSD/Assignment/db/lpm_abs_o99.tdf Line: 24
Info (12021): Found 1 design units, including 1 entities, in source file db/lpm_abs_8b9.tdf
    Info (12023): Found entity 1: lpm_abs_8b9 File: D:/University/Others/GUC MATERIAL/Semester 5/MET/DSD/Assignment/db/lpm_abs_8b9.tdf Line: 24
Info (12130): Elaborated megafunction instantiation "bcd:segment1|lpm_divide:Mod0" File: D:/University/Others/GUC MATERIAL/Semester 5/MET/DSD/Assignment/bcd.vhd Line: 20
Info (12133): Instantiated megafunction "bcd:segment1|lpm_divide:Mod0" with the following parameter: File: D:/University/Others/GUC MATERIAL/Semester 5/MET/DSD/Assignment/bcd.vhd Line: 20
    Info (12134): Parameter "LPM_WIDTHN" = "33"
    Info (12134): Parameter "LPM_WIDTHD" = "32"
    Info (12134): Parameter "LPM_NREPRESENTATION" = "UNSIGNED"
    Info (12134): Parameter "LPM_DREPRESENTATION" = "UNSIGNED"
Info (12021): Found 1 design units, including 1 entities, in source file db/lpm_divide_bnl.tdf
    Info (12023): Found entity 1: lpm_divide_bnl File: D:/University/Others/GUC MATERIAL/Semester 5/MET/DSD/Assignment/db/lpm_divide_bnl.tdf Line: 24
Info (12021): Found 1 design units, including 1 entities, in source file db/sign_div_unsign_anh.tdf
    Info (12023): Found entity 1: sign_div_unsign_anh File: D:/University/Others/GUC MATERIAL/Semester 5/MET/DSD/Assignment/db/sign_div_unsign_anh.tdf Line: 24
Info (12021): Found 1 design units, including 1 entities, in source file db/alt_u_div_uke.tdf
    Info (12023): Found entity 1: alt_u_div_uke File: D:/University/Others/GUC MATERIAL/Semester 5/MET/DSD/Assignment/db/alt_u_div_uke.tdf Line: 26
Info (13014): Ignored 31 buffer(s)
    Info (13016): Ignored 31 CARRY_SUM buffer(s)
Info (286030): Timing-Driven Synthesis is running
Info (16010): Generating hard_block partition "hard_block:auto_generated_inst"
    Info (16011): Adding 0 node(s), including 0 DDIO, 0 PLL, 0 transceiver and 0 LCELL
Info (21057): Implemented 2375 device resources after synthesis - the final resource count might be different
    Info (21058): Implemented 3 input pins
    Info (21059): Implemented 14 output pins
    Info (21061): Implemented 2358 logic cells
Info: Quartus Prime Analysis & Synthesis was successful. 0 errors, 3 warnings
    Info: Peak virtual memory: 698 megabytes
    Info: Processing ended: Mon Nov 04 20:30:45 2019
    Info: Elapsed time: 00:00:34
    Info: Total CPU time (on all processors): 00:01:08


